  functions_classes.cpp
C:\Users\rgfra\Desktop\sInvaders\sInvaders\functions_classes.cpp(163,60): warning C4305: 'argument': truncation from 'double' to 'float'
C:\Users\rgfra\Desktop\sInvaders\sInvaders\functions_classes.cpp(165,36): warning C4244: '=': conversion from 'float' to 'int', possible loss of data
C:\Users\rgfra\Desktop\sInvaders\sInvaders\functions_classes.cpp(314,56): warning C4305: 'argument': truncation from 'int' to 'bool'
C:\Users\rgfra\Desktop\sInvaders\sInvaders\functions_classes.cpp(322,50): warning C4305: 'argument': truncation from 'double' to 'float'
C:\Users\rgfra\Desktop\sInvaders\sInvaders\functions_classes.cpp(342,34): warning C4244: '=': conversion from 'float' to 'int', possible loss of data
C:\Users\rgfra\Desktop\sInvaders\sInvaders\functions_classes.cpp(358,59): warning C4305: 'argument': truncation from 'double' to 'float'
C:\Users\rgfra\Desktop\sInvaders\sInvaders\functions_classes.cpp(360,34): warning C4244: '=': conversion from 'float' to 'int', possible loss of data
C:\Users\rgfra\Desktop\sInvaders\sInvaders\functions_classes.cpp(378,59): warning C4305: 'argument': truncation from 'double' to 'float'
C:\Users\rgfra\Desktop\sInvaders\sInvaders\functions_classes.cpp(380,34): warning C4244: '=': conversion from 'float' to 'int', possible loss of data
C:\Users\rgfra\Desktop\sInvaders\sInvaders\functions_classes.cpp(430,34): warning C4244: '=': conversion from 'float' to 'int', possible loss of data
C:\Users\rgfra\Desktop\sInvaders\sInvaders\functions_classes.cpp(434,59): warning C4305: 'argument': truncation from 'double' to 'float'
C:\Users\rgfra\Desktop\sInvaders\sInvaders\functions_classes.cpp(436,34): warning C4244: '=': conversion from 'float' to 'int', possible loss of data
  sInvaders.cpp
  Generating code
  4 of 334 functions ( 1.2%) were compiled, the rest were copied from previous compilation.
    0 functions were new in current compilation
    2 functions had inline decision re-evaluated but remain unchanged
  Finished generating code
  sInvaders.vcxproj -> C:\Users\rgfra\Desktop\sInvaders\bin\sInvaders.exe
